[25-Jul-2018 22:51:06 UTC] PHP Fatal error:  Uncaught Error: Class 'WP_CLI\SynopsisValidator' not found in phar:///usr/local/bin/wp/php/WP_CLI/Dispatcher/Subcommand.php:254
Stack trace:
#0 phar:///usr/local/bin/wp/php/WP_CLI/Dispatcher/Subcommand.php(386): WP_CLI\Dispatcher\Subcommand->validate_args(Array, Array, Array)
#1 phar:///usr/local/bin/wp/php/WP_CLI/Runner.php(323): WP_CLI\Dispatcher\Subcommand->invoke(Array, Array, Array)
#2 phar:///usr/local/bin/wp/php/WP_CLI/Runner.php(330): WP_CLI\Runner->run_command(Array, Array)
#3 phar:///usr/local/bin/wp/php/WP_CLI/Runner.php(985): WP_CLI\Runner->_run_command()
#4 phar:///usr/local/bin/wp/php/WP_CLI/Bootstrap/LaunchRunner.php(23): WP_CLI\Runner->start()
#5 phar:///usr/local/bin/wp/php/bootstrap.php(75): WP_CLI\Bootstrap\LaunchRunner->process(Object(WP_CLI\Bootstrap\BootstrapState))
#6 phar:///usr/local/bin/wp/php/wp-cli.php(23): WP_CLI\bootstrap()
#7 phar:///usr/local/bin/wp/php/boot-phar.php(8): include('phar:///usr/loc...')
#8 /usr/local/bin/wp(4): include('phar:///usr/loc...')
#9 {main}
  thrown in phar:///usr/local/bin/wp/php/WP_CLI/Dispatcher/Subcommand.php on line 254
[25-Jul-2018 22:51:06 UTC] PHP Fatal error:  Uncaught Error: Class 'WP_CLI\SynopsisValidator' not found in phar:///usr/local/bin/wp/php/WP_CLI/Dispatcher/Subcommand.php:254
Stack trace:
#0 phar:///usr/local/bin/wp/php/WP_CLI/Dispatcher/Subcommand.php(386): WP_CLI\Dispatcher\Subcommand->validate_args(Array, Array, Array)
#1 phar:///usr/local/bin/wp/php/WP_CLI/Runner.php(323): WP_CLI\Dispatcher\Subcommand->invoke(Array, Array, Array)
#2 phar:///usr/local/bin/wp/php/WP_CLI/Runner.php(330): WP_CLI\Runner->run_command(Array, Array)
#3 phar:///usr/local/bin/wp/php/WP_CLI/Runner.php(985): WP_CLI\Runner->_run_command()
#4 phar:///usr/local/bin/wp/php/WP_CLI/Bootstrap/LaunchRunner.php(23): WP_CLI\Runner->start()
#5 phar:///usr/local/bin/wp/php/bootstrap.php(75): WP_CLI\Bootstrap\LaunchRunner->process(Object(WP_CLI\Bootstrap\BootstrapState))
#6 phar:///usr/local/bin/wp/php/wp-cli.php(23): WP_CLI\bootstrap()
#7 phar:///usr/local/bin/wp/php/boot-phar.php(8): include('phar:///usr/loc...')
#8 /usr/local/bin/wp(4): include('phar:///usr/loc...')
#9 {main}
  thrown in phar:///usr/local/bin/wp/php/WP_CLI/Dispatcher/Subcommand.php on line 254
[26-Jul-2018 00:53:35 UTC] PHP Fatal error:  Uncaught Error: Function name must be a string in /app/public/wp-content/themes/fictional-university-theme/index.php:7
Stack trace:
#0 /app/public/wp-includes/template-loader.php(74): include()
#1 /app/public/wp-blog-header.php(19): require_once('/app/public/wp-...')
#2 /app/public/index.php(17): require('/app/public/wp-...')
#3 {main}
  thrown in /app/public/wp-content/themes/fictional-university-theme/index.php on line 7
[26-Jul-2018 00:54:07 UTC] PHP Fatal error:  Uncaught Error: Function name must be a string in /app/public/wp-content/themes/fictional-university-theme/index.php:7
Stack trace:
#0 /app/public/wp-includes/template-loader.php(74): include()
#1 /app/public/wp-blog-header.php(19): require_once('/app/public/wp-...')
#2 /app/public/index.php(17): require('/app/public/wp-...')
#3 {main}
  thrown in /app/public/wp-content/themes/fictional-university-theme/index.php on line 7
[26-Jul-2018 00:54:25 UTC] PHP Fatal error:  Uncaught Error: Function name must be a string in /app/public/wp-content/themes/fictional-university-theme/index.php:7
Stack trace:
#0 /app/public/wp-includes/template-loader.php(74): include()
#1 /app/public/wp-blog-header.php(19): require_once('/app/public/wp-...')
#2 /app/public/index.php(17): require('/app/public/wp-...')
#3 {main}
  thrown in /app/public/wp-content/themes/fictional-university-theme/index.php on line 7
[26-Jul-2018 00:54:26 UTC] PHP Fatal error:  Uncaught Error: Function name must be a string in /app/public/wp-content/themes/fictional-university-theme/index.php:7
Stack trace:
#0 /app/public/wp-includes/template-loader.php(74): include()
#1 /app/public/wp-blog-header.php(19): require_once('/app/public/wp-...')
#2 /app/public/index.php(17): require('/app/public/wp-...')
#3 {main}
  thrown in /app/public/wp-content/themes/fictional-university-theme/index.php on line 7
[26-Jul-2018 00:54:26 UTC] PHP Fatal error:  Uncaught Error: Function name must be a string in /app/public/wp-content/themes/fictional-university-theme/index.php:7
Stack trace:
#0 /app/public/wp-includes/template-loader.php(74): include()
#1 /app/public/wp-blog-header.php(19): require_once('/app/public/wp-...')
#2 /app/public/index.php(17): require('/app/public/wp-...')
#3 {main}
  thrown in /app/public/wp-content/themes/fictional-university-theme/index.php on line 7
[26-Jul-2018 01:18:25 UTC] PHP Fatal error:  Uncaught Error: Call to a member function now() on null in /app/public/wp-content/themes/fictional-university-theme/index.php:9
Stack trace:
#0 /app/public/wp-includes/template-loader.php(74): include()
#1 /app/public/wp-blog-header.php(19): require_once('/app/public/wp-...')
#2 /app/public/index.php(17): require('/app/public/wp-...')
#3 {main}
  thrown in /app/public/wp-content/themes/fictional-university-theme/index.php on line 9
[26-Jul-2018 02:09:17 UTC] PHP Warning:  Invalid argument supplied for foreach() in /app/public/wp-content/themes/fictional-university-theme/index.php on line 29
[26-Jul-2018 02:09:41 UTC] PHP Parse error:  syntax error, unexpected ',', expecting ']' in /app/public/wp-content/themes/fictional-university-theme/index.php on line 31
[26-Jul-2018 02:09:53 UTC] PHP Parse error:  syntax error, unexpected ',', expecting ']' in /app/public/wp-content/themes/fictional-university-theme/index.php on line 31
[26-Jul-2018 02:09:54 UTC] PHP Parse error:  syntax error, unexpected ',', expecting ']' in /app/public/wp-content/themes/fictional-university-theme/index.php on line 31
[26-Jul-2018 02:21:03 UTC] PHP Parse error:  syntax error, unexpected '$count' (T_VARIABLE), expecting ',' or ';' in /app/public/wp-content/themes/fictional-university-theme/index.php on line 39
[26-Jul-2018 02:21:03 UTC] PHP Parse error:  syntax error, unexpected '$count' (T_VARIABLE), expecting ',' or ';' in /app/public/wp-content/themes/fictional-university-theme/index.php on line 39
[26-Jul-2018 02:21:48 UTC] PHP Parse error:  syntax error, unexpected '$count' (T_VARIABLE), expecting ',' or ';' in /app/public/wp-content/themes/fictional-university-theme/index.php on line 39
[26-Jul-2018 02:22:02 UTC] PHP Parse error:  syntax error, unexpected ',', expecting end of file in /app/public/wp-content/themes/fictional-university-theme/index.php on line 33
[30-Jul-2018 01:24:16 UTC] PHP Parse error:  syntax error, unexpected 'wp_enqueue_style' (T_STRING) in /app/public/wp-content/themes/fictional-university-theme/functions.php on line 5
[30-Jul-2018 01:24:18 UTC] PHP Parse error:  syntax error, unexpected 'wp_enqueue_style' (T_STRING) in /app/public/wp-content/themes/fictional-university-theme/functions.php on line 5
[05-Aug-2018 19:28:16 UTC] PHP Fatal error:  Uncaught Error: Call to undefined function the_cotnent() in /app/public/wp-content/themes/fictional-university-theme/page.php:32
Stack trace:
#0 /app/public/wp-includes/template-loader.php(74): include()
#1 /app/public/wp-blog-header.php(19): require_once('/app/public/wp-...')
#2 /app/public/index.php(17): require('/app/public/wp-...')
#3 {main}
  thrown in /app/public/wp-content/themes/fictional-university-theme/page.php on line 32
[05-Aug-2018 20:53:47 UTC] PHP Fatal error:  Uncaught ArgumentCountError: Too few arguments to function wp_get_post_parent_id(), 0 passed in /app/public/wp-content/themes/fictional-university-theme/page.php on line 20 and exactly 1 expected in /app/public/wp-includes/post.php:6205
Stack trace:
#0 /app/public/wp-content/themes/fictional-university-theme/page.php(20): wp_get_post_parent_id()
#1 /app/public/wp-includes/template-loader.php(74): include('/app/public/wp-...')
#2 /app/public/wp-blog-header.php(19): require_once('/app/public/wp-...')
#3 /app/public/index.php(17): require('/app/public/wp-...')
#4 {main}
  thrown in /app/public/wp-includes/post.php on line 6205
[05-Aug-2018 20:53:49 UTC] PHP Fatal error:  Uncaught ArgumentCountError: Too few arguments to function wp_get_post_parent_id(), 0 passed in /app/public/wp-content/themes/fictional-university-theme/page.php on line 20 and exactly 1 expected in /app/public/wp-includes/post.php:6205
Stack trace:
#0 /app/public/wp-content/themes/fictional-university-theme/page.php(20): wp_get_post_parent_id()
#1 /app/public/wp-includes/template-loader.php(74): include('/app/public/wp-...')
#2 /app/public/wp-blog-header.php(19): require_once('/app/public/wp-...')
#3 /app/public/index.php(17): require('/app/public/wp-...')
#4 {main}
  thrown in /app/public/wp-includes/post.php on line 6205
[05-Aug-2018 20:56:08 UTC] PHP Parse error:  syntax error, unexpected '}', expecting ',' or ';' in /app/public/wp-content/themes/fictional-university-theme/page.php on line 22
[05-Aug-2018 21:38:42 UTC] PHP Parse error:  syntax error, unexpected ';', expecting ',' or ')' in /app/public/wp-content/themes/fictional-university-theme/page.php on line 23
[05-Aug-2018 21:39:48 UTC] PHP Parse error:  syntax error, unexpected ';', expecting ',' or ')' in /app/public/wp-content/themes/fictional-university-theme/page.php on line 23
[05-Aug-2018 21:40:49 UTC] PHP Parse error:  syntax error, unexpected ';' in /app/public/wp-content/themes/fictional-university-theme/page.php on line 20
[05-Aug-2018 21:42:00 UTC] PHP Parse error:  syntax error, unexpected ';' in /app/public/wp-content/themes/fictional-university-theme/page.php on line 20
[05-Aug-2018 21:42:01 UTC] PHP Parse error:  syntax error, unexpected ';' in /app/public/wp-content/themes/fictional-university-theme/page.php on line 20
[05-Aug-2018 21:42:01 UTC] PHP Parse error:  syntax error, unexpected ';' in /app/public/wp-content/themes/fictional-university-theme/page.php on line 20
[05-Aug-2018 21:42:01 UTC] PHP Parse error:  syntax error, unexpected ';' in /app/public/wp-content/themes/fictional-university-theme/page.php on line 20
[06-Aug-2018 02:44:36 UTC] PHP Fatal error:  Uncaught Error: Call to undefined function get_category_list() in /app/public/wp-content/themes/fictional-university-theme/index.php:26
Stack trace:
#0 /app/public/wp-includes/template-loader.php(74): include()
#1 /app/public/wp-blog-header.php(19): require_once('/app/public/wp-...')
#2 /app/public/index.php(17): require('/app/public/wp-...')
#3 {main}
  thrown in /app/public/wp-content/themes/fictional-university-theme/index.php on line 26
